#
# A fatal error has been detected by the Java Runtime Environment:
#
#  SIGSEGV (0xb) at pc=0x00007f0ed673cfe0, pid=466502, tid=0x00007f0ed5fa1700
#
# JRE version: Java(TM) SE Runtime Environment (8.0_181-b13) (build 1.8.0_181-b13)
# Java VM: Java HotSpot(TM) 64-Bit Server VM (25.181-b13 mixed mode linux-amd64 compressed oops)
# Problematic frame:
# V  [libjvm.so+0x64bfe0]  InstanceKlass::allocate_objArray(int, int, Thread*)+0x110
#
# Failed to write core dump. Core dumps have been disabled. To enable core dumping, try "ulimit -c unlimited" before starting Java again
#
# If you would like to submit a bug report, please visit:
#   http://bugreport.java.com/bugreport/crash.jsp
#

---------------  T H R E A D  ---------------

Current thread (0x00007f0ed000f800):  JavaThread "main" [_thread_in_vm, id=466504, stack(0x00007f0ed5ea2000,0x00007f0ed5fa2000)]

siginfo: si_signo: 11 (SIGSEGV), si_code: 128 (SI_KERNEL), si_addr: 0x0000000000000000

Registers:
RAX=0x1950262b00020011, RBX=0x0000000000000002, RCX=0x00007f0ed000f800, RDX=0x0000000000000001
RSP=0x00007f0ed5fa0790, RBP=0x00007f0ed5fa07d0, RSI=0x0000000000000000, RDI=0x00007f0ed0269f00
R8 =0x00007f0ed000f480, R9 =0x0000000000000004, R10=0x0000000000000004, R11=0x00007f0ed0269f00
R12=0xffffffffffffffff, R13=0x0000000000000002, R14=0x00007f0ed000f800, R15=0x0000000000000001
RIP=0x00007f0ed673cfe0, EFLAGS=0x0000000000010213, CSGSFS=0x002b000000000033, ERR=0x0000000000000000
  TRAPNO=0x000000000000000d

Top of Stack: (sp=0x00007f0ed5fa0790)
0x00007f0ed5fa0790:   00007f0ed5fa07b0 00000004d000f800
0x00007f0ed5fa07a0:   00007f0eb38382b8 00007f0ed000f480
0x00007f0ed5fa07b0:   0000000000000000 00007f0eb3837578
0x00007f0ed5fa07c0:   00007f0ed000f800 000000000000ca96
0x00007f0ed5fa07d0:   00007f0ed5fa0860 00007f0ed6782ee6
0x00007f0ed5fa07e0:   00007f0eb38380ce 00000002d000f800
0x00007f0ed5fa07f0:   00007f0eb3837578 00007f0ed000f800
0x00007f0ed5fa0800:   00007f0ed5fa0878 00007f0eb3837578
0x00007f0ed5fa0810:   00007f0ed000f800 00007f0e00000000
0x00007f0ed5fa0820:   00007f0ed000f800 00007f0ed5fa0878
0x00007f0ed5fa0830:   00007f0ed000f800 00000000000000bd
0x00007f0ed5fa0840:   0000000000000000 00007f0eb38380ce
0x00007f0ed5fa0850:   00007f0ed5fa0928 00007f0ed000f800
0x00007f0ed5fa0860:   00007f0ed5fa08c0 00007f0ec1034718
0x00007f0ed5fa0870:   00007f0ec10173a0 00007f0ec10346e4
0x00007f0ed5fa0880:   00007f0ed5fa0880 00007f0eb38380ce
0x00007f0ed5fa0890:   00007f0ed5fa0928 00007f0eb3838738
0x00007f0ed5fa08a0:   0000000000000000 00007f0eb38382b8
0x00007f0ed5fa08b0:   0000000000000000 00007f0ed5fa0928
0x00007f0ed5fa08c0:   00007f0ed5fa0990 00007f0ec10007a7
0x00007f0ed5fa08d0:   0000000000000000 0000000000000000
0x00007f0ed5fa08e0:   0000000000000000 000000076dc28178
0x00007f0ed5fa08f0:   000000076da26608 000000076daae420
0x00007f0ed5fa0900:   000000076da135a8 0000000000000000
0x00007f0ed5fa0910:   0000000000000000 0000000000000000
0x00007f0ed5fa0920:   000000000000000a 000000076da13570
0x00007f0ed5fa0930:   0000000000001fa0 0000000000000000
0x00007f0ed5fa0940:   00007f0ed000f800 00007f0ed5fa0a10
0x00007f0ed5fa0950:   00007f0ed5fa0bd0 00007f0ed5fa09d0
0x00007f0ed5fa0960:   00007f0ed5fa09d0 00007f0ed5fa0d18
0x00007f0ed5fa0970:   00007f0e0000000a 00007f0eb38382b8
0x00007f0ed5fa0980:   00007f0ec10194c0 00007f0ed5fa0b58 

Instructions: (pc=0x00007f0ed673cfe0)
0x00007f0ed673cfc0:   48 8b 05 e9 37 93 00 80 f9 01 89 f2 19 db 4c 89
0x00007f0ed673cfd0:   f1 31 f6 f7 d3 8b 00 83 c3 03 89 45 cc 48 8b 07
0x00007f0ed673cfe0:   ff 90 b8 00 00 00 49 83 7e 08 00 49 89 c0 74 1e
0x00007f0ed673cff0:   31 c0 eb ae 0f 1f 40 00 80 f9 01 48 19 c0 48 05 

Register to memory mapping:

RAX=0x1950262b00020011 is an unknown value
RBX=0x0000000000000002 is an unknown value
RCX=0x00007f0ed000f800 is a thread
RDX=0x0000000000000001 is an unknown value
RSP=0x00007f0ed5fa0790 is pointing into the stack for thread: 0x00007f0ed000f800
RBP=0x00007f0ed5fa07d0 is pointing into the stack for thread: 0x00007f0ed000f800
RSI=0x0000000000000000 is an unknown value
RDI=0x00007f0ed0269f00 is an unknown value
R8 =0x00007f0ed000f480 is an unknown value
R9 =0x0000000000000004 is an unknown value
R10=0x0000000000000004 is an unknown value
R11=0x00007f0ed0269f00 is an unknown value
R12=0xffffffffffffffff is an unknown value
R13=0x0000000000000002 is an unknown value
R14=0x00007f0ed000f800 is a thread
R15=0x0000000000000001 is an unknown value


Stack: [0x00007f0ed5ea2000,0x00007f0ed5fa2000],  sp=0x00007f0ed5fa0790,  free space=1017k
Native frames: (J=compiled Java code, j=interpreted, Vv=VM code, C=native code)
V  [libjvm.so+0x64bfe0]  InstanceKlass::allocate_objArray(int, int, Thread*)+0x110
V  [libjvm.so+0x691ee6]  InterpreterRuntime::anewarray(JavaThread*, ConstantPool*, int, int)+0x2e6
j  net.wimpi.modbus.cmd.SerialFacadeTest.main([Ljava/lang/String;)V+350
v  ~StubRoutines::call_stub
V  [libjvm.so+0x697a76]  JavaCalls::call_helper(JavaValue*, methodHandle*, JavaCallArguments*, Thread*)+0x1056
V  [libjvm.so+0x6d91c2]  jni_invoke_static(JNIEnv_*, JavaValue*, _jobject*, JNICallType, _jmethodID*, JNI_ArgumentPusher*, Thread*)+0x362
V  [libjvm.so+0x6f5a2a]  jni_CallStaticVoidMethod+0x17a
C  [libjli.so+0x80ff]  JavaMain+0x81f
C  [libpthread.so.0+0x9609]  start_thread+0xd9

Java frames: (J=compiled Java code, j=interpreted, Vv=VM code)
j  net.wimpi.modbus.cmd.SerialFacadeTest.main([Ljava/lang/String;)V+350
v  ~StubRoutines::call_stub

---------------  P R O C E S S  ---------------

Java Threads: ( => current thread )
  0x00007f0ed0258800 JavaThread "Service Thread" daemon [_thread_blocked, id=466529, stack(0x00007f0eb1be2000,0x00007f0eb1ce3000)]
  0x00007f0ed0253000 JavaThread "C1 CompilerThread2" daemon [_thread_blocked, id=466528, stack(0x00007f0eb1ce4000,0x00007f0eb1de4000)]
  0x00007f0ed0251000 JavaThread "C2 CompilerThread1" daemon [_thread_blocked, id=466527, stack(0x00007f0eb1de5000,0x00007f0eb1ee5000)]
  0x00007f0ed024f800 JavaThread "C2 CompilerThread0" daemon [_thread_blocked, id=466526, stack(0x00007f0eb1ee6000,0x00007f0eb1fe6000)]
  0x00007f0e8c001800 JavaThread "JDWP Command Reader" daemon [_thread_in_native, id=466523, stack(0x00007f0eb1fe6000,0x00007f0eb20e7000)]
  0x00007f0ed0193000 JavaThread "JDWP Event Helper Thread" daemon [_thread_blocked, id=466520, stack(0x00007f0eb20e7000,0x00007f0eb21e8000)]
  0x00007f0ed018f000 JavaThread "JDWP Transport Listener: dt_socket" daemon [_thread_blocked, id=466519, stack(0x00007f0eb21e8000,0x00007f0eb22e9000)]
  0x00007f0ed0183000 JavaThread "Signal Dispatcher" daemon [_thread_blocked, id=466517, stack(0x00007f0eb24ed000,0x00007f0eb25ee000)]
  0x00007f0ed0151000 JavaThread "Finalizer" daemon [_thread_blocked, id=466516, stack(0x00007f0eb25ee000,0x00007f0eb26ef000)]
  0x00007f0ed014e800 JavaThread "Reference Handler" daemon [_thread_blocked, id=466515, stack(0x00007f0eb26ef000,0x00007f0eb27f0000)]
=>0x00007f0ed000f800 JavaThread "main" [_thread_in_vm, id=466504, stack(0x00007f0ed5ea2000,0x00007f0ed5fa2000)]

Other Threads:
  0x00007f0ed0144800 VMThread [stack: 0x00007f0eb27f1000,0x00007f0eb28f1000] [id=466514]
  0x00007f0ed025c800 WatcherThread [stack: 0x00007f0eb1ae2000,0x00007f0eb1be2000] [id=466530]

VM state:not at safepoint (normal execution)

VM Mutex/Monitor currently owned by a thread: None

Heap:
 PSYoungGen      total 74752K, used 10396K [0x000000076d300000, 0x0000000772600000, 0x00000007c0000000)
  eden space 64512K, 16% used [0x000000076d300000,0x000000076dd27310,0x0000000771200000)
  from space 10240K, 0% used [0x0000000771c00000,0x0000000771c00000,0x0000000772600000)
  to   space 10240K, 0% used [0x0000000771200000,0x0000000771200000,0x0000000771c00000)
 ParOldGen       total 171008K, used 0K [0x00000006c7800000, 0x00000006d1f00000, 0x000000076d300000)
  object space 171008K, 0% used [0x00000006c7800000,0x00000006c7800000,0x00000006d1f00000)
 Metaspace       used 5278K, capacity 5426K, committed 5504K, reserved 1056768K
  class space    used 557K, capacity 593K, committed 640K, reserved 1048576K

Card table byte_map: [0x00007f0ed40af000,0x00007f0ed4874000] byte_map_base: 0x00007f0ed0a73000

Marking Bits: (ParMarkBitMap*) 0x00007f0ed70c50a0
 Begin Bits: [0x00007f0eb43c0000, 0x00007f0eb81e0000)
 End Bits:   [0x00007f0eb81e0000, 0x00007f0ebc000000)

Polling page: 0x00007f0ed7574000

CodeCache: size=245760Kb used=1520Kb max_used=1520Kb free=244239Kb
 bounds [0x00007f0ec1000000, 0x00007f0ec1270000, 0x00007f0ed0000000]
 total_blobs=465 nmethods=179 adapters=208
 compilation: enabled

Compilation events (10 events):
Event: 3,492 Thread 0x00007f0ed0253000  172       3       org.eclipse.jdt.launching.internal.org.objectweb.asm.MethodWriter::hasFrames (13 bytes)
Event: 3,492 Thread 0x00007f0ed0253000 nmethod 172 0x00007f0ec1175dd0 code [0x00007f0ec1175f40, 0x00007f0ec11760f0]
Event: 3,492 Thread 0x00007f0ed0253000  173       3       org.eclipse.jdt.launching.internal.org.objectweb.asm.MethodWriter::putMethodInfo (1274 bytes)
Event: 3,495 Thread 0x00007f0ed0253000 nmethod 173 0x00007f0ec1176190 code [0x00007f0ec1176820, 0x00007f0ec1179cf8]
Event: 3,495 Thread 0x00007f0ed0253000  177       3       java.util.concurrent.ConcurrentHashMap$Node::<init> (26 bytes)
Event: 3,495 Thread 0x00007f0ed0253000 nmethod 177 0x00007f0ec117be50 code [0x00007f0ec117bfc0, 0x00007f0ec117c1d0]
Event: 48,867 Thread 0x00007f0ed0253000  179       3       org.eclipse.jdt.launching.internal.org.objectweb.asm.SymbolTable::addConstantUtf8Reference (101 bytes)
Event: 48,868 Thread 0x00007f0ed0253000 nmethod 179 0x00007f0ec117c290 code [0x00007f0ec117c480, 0x00007f0ec117cd58]
Event: 48,868 Thread 0x00007f0ed0253000  178       3       org.eclipse.jdt.launching.internal.org.objectweb.asm.SymbolTable::addConstantClass (8 bytes)
Event: 48,868 Thread 0x00007f0ed0253000 nmethod 178 0x00007f0ec117d190 code [0x00007f0ec117d300, 0x00007f0ec117d4a8]

GC Heap History (0 events):
No events

Deoptimization events (0 events):
No events

Classes redefined (2 events):
Event: 14,881 Thread 0x00007f0ed0144800 redefined class name=net.wimpi.modbus.cmd.SerialFacadeTest, count=1
Event: 48,870 Thread 0x00007f0ed0144800 redefined class name=net.wimpi.modbus.cmd.SerialFacadeTest, count=2

Internal exceptions (2 events):
Event: 0,033 Thread 0x00007f0ed000f800 Exception <a 'java/lang/NoSuchMethodError': Method sun.misc.Unsafe.defineClass(Ljava/lang/String;[BII)Ljava/lang/Class; name or signature does not match> (0x000000076d307cb0) thrown at [/HUDSON/workspace/8-2-build-linux-amd64/jdk8u181/11358/hotspot/src/sh
Event: 0,033 Thread 0x00007f0ed000f800 Exception <a 'java/lang/NoSuchMethodError': Method sun.misc.Unsafe.prefetchRead(Ljava/lang/Object;J)V name or signature does not match> (0x000000076d307f98) thrown at [/HUDSON/workspace/8-2-build-linux-amd64/jdk8u181/11358/hotspot/src/share/vm/prims/jni.c

Events (10 events):
Event: 75,500 Executing VM operation: ChangeSingleStep
Event: 75,500 Executing VM operation: ChangeSingleStep done
Event: 75,501 Executing VM operation: ChangeSingleStep
Event: 75,501 Executing VM operation: ChangeSingleStep done
Event: 75,502 Executing VM operation: EnterInterpOnlyMode
Event: 75,502 Executing VM operation: EnterInterpOnlyMode done
Event: 75,502 Executing VM operation: GetCurrentLocation
Event: 75,502 Executing VM operation: GetCurrentLocation done
Event: 75,502 Executing VM operation: ChangeSingleStep
Event: 75,502 Executing VM operation: ChangeSingleStep done


Dynamic libraries:
00400000-00401000 r-xp 00000000 08:03 831830                             /home/jackarian/jdkLatest/bin/java
00600000-00601000 rw-p 00000000 08:03 831830                             /home/jackarian/jdkLatest/bin/java
01d66000-01d87000 rw-p 00000000 00:00 0                                  [heap]
6c7800000-6d1f00000 rw-p 00000000 00:00 0 
6d1f00000-76d300000 ---p 00000000 00:00 0 
76d300000-772600000 rw-p 00000000 00:00 0 
772600000-7c0000000 ---p 00000000 00:00 0 
7c0000000-7c00a0000 rw-p 00000000 00:00 0 
7c00a0000-800000000 ---p 00000000 00:00 0 
7f0e74000000-7f0e74021000 rw-p 00000000 00:00 0 
7f0e74021000-7f0e78000000 ---p 00000000 00:00 0 
7f0e78000000-7f0e78021000 rw-p 00000000 00:00 0 
7f0e78021000-7f0e7c000000 ---p 00000000 00:00 0 
7f0e7c000000-7f0e7c0ce000 rw-p 00000000 00:00 0 
7f0e7c0ce000-7f0e80000000 ---p 00000000 00:00 0 
7f0e80000000-7f0e800b2000 rw-p 00000000 00:00 0 
7f0e800b2000-7f0e84000000 ---p 00000000 00:00 0 
7f0e84000000-7f0e84021000 rw-p 00000000 00:00 0 
7f0e84021000-7f0e88000000 ---p 00000000 00:00 0 
7f0e88000000-7f0e88198000 rw-p 00000000 00:00 0 
7f0e88198000-7f0e8c000000 ---p 00000000 00:00 0 
7f0e8c000000-7f0e8c041000 rw-p 00000000 00:00 0 
7f0e8c041000-7f0e90000000 ---p 00000000 00:00 0 
7f0e90000000-7f0e90021000 rw-p 00000000 00:00 0 
7f0e90021000-7f0e94000000 ---p 00000000 00:00 0 
7f0e94000000-7f0e94021000 rw-p 00000000 00:00 0 
7f0e94021000-7f0e98000000 ---p 00000000 00:00 0 
7f0e98000000-7f0e98021000 rw-p 00000000 00:00 0 
7f0e98021000-7f0e9c000000 ---p 00000000 00:00 0 
7f0e9c000000-7f0e9c021000 rw-p 00000000 00:00 0 
7f0e9c021000-7f0ea0000000 ---p 00000000 00:00 0 
7f0ea0000000-7f0ea0021000 rw-p 00000000 00:00 0 
7f0ea0021000-7f0ea4000000 ---p 00000000 00:00 0 
7f0ea4000000-7f0ea4021000 rw-p 00000000 00:00 0 
7f0ea4021000-7f0ea8000000 ---p 00000000 00:00 0 
7f0ea8000000-7f0ea8021000 rw-p 00000000 00:00 0 
7f0ea8021000-7f0eac000000 ---p 00000000 00:00 0 
7f0eac000000-7f0eac021000 rw-p 00000000 00:00 0 
7f0eac021000-7f0eb0000000 ---p 00000000 00:00 0 
7f0eb16bf000-7f0eb16c2000 r--p 00000000 08:02 1048582                    /lib/x86_64-linux-gnu/libgcc_s.so.1
7f0eb16c2000-7f0eb16d4000 r-xp 00003000 08:02 1048582                    /lib/x86_64-linux-gnu/libgcc_s.so.1
7f0eb16d4000-7f0eb16d8000 r--p 00015000 08:02 1048582                    /lib/x86_64-linux-gnu/libgcc_s.so.1
7f0eb16d8000-7f0eb16d9000 r--p 00018000 08:02 1048582                    /lib/x86_64-linux-gnu/libgcc_s.so.1
7f0eb16d9000-7f0eb16da000 rw-p 00019000 08:02 1048582                    /lib/x86_64-linux-gnu/libgcc_s.so.1
7f0eb16da000-7f0eb1770000 r--p 00000000 08:02 1704126                    /usr/lib/x86_64-linux-gnu/libstdc++.so.6.0.28
7f0eb1770000-7f0eb1861000 r-xp 00096000 08:02 1704126                    /usr/lib/x86_64-linux-gnu/libstdc++.so.6.0.28
7f0eb1861000-7f0eb18aa000 r--p 00187000 08:02 1704126                    /usr/lib/x86_64-linux-gnu/libstdc++.so.6.0.28
7f0eb18aa000-7f0eb18ab000 ---p 001d0000 08:02 1704126                    /usr/lib/x86_64-linux-gnu/libstdc++.so.6.0.28
7f0eb18ab000-7f0eb18b6000 r--p 001d0000 08:02 1704126                    /usr/lib/x86_64-linux-gnu/libstdc++.so.6.0.28
7f0eb18b6000-7f0eb18b9000 rw-p 001db000 08:02 1704126                    /usr/lib/x86_64-linux-gnu/libstdc++.so.6.0.28
7f0eb18b9000-7f0eb18bc000 rw-p 00000000 00:00 0 
7f0eb18dd000-7f0eb18e0000 r-xp 00000000 08:03 330276                     /home/jackarian/.jssc/linux/libjSSC-2.6_x86_64.so
7f0eb18e0000-7f0eb1adf000 ---p 00003000 08:03 330276                     /home/jackarian/.jssc/linux/libjSSC-2.6_x86_64.so
7f0eb1adf000-7f0eb1ae0000 r--p 00002000 08:03 330276                     /home/jackarian/.jssc/linux/libjSSC-2.6_x86_64.so
7f0eb1ae0000-7f0eb1ae1000 rw-p 00003000 08:03 330276                     /home/jackarian/.jssc/linux/libjSSC-2.6_x86_64.so
7f0eb1ae1000-7f0eb1ae2000 ---p 00000000 00:00 0 
7f0eb1ae2000-7f0eb1be2000 rw-p 00000000 00:00 0 
7f0eb1be2000-7f0eb1be5000 ---p 00000000 00:00 0 
7f0eb1be5000-7f0eb1ce3000 rw-p 00000000 00:00 0 
7f0eb1ce3000-7f0eb1ce4000 ---p 00000000 00:00 0 
7f0eb1ce4000-7f0eb1ce7000 ---p 00000000 00:00 0 
7f0eb1ce7000-7f0eb1de4000 rw-p 00000000 00:00 0 
7f0eb1de4000-7f0eb1de5000 ---p 00000000 00:00 0 
7f0eb1de5000-7f0eb1de8000 ---p 00000000 00:00 0 
7f0eb1de8000-7f0eb1ee5000 rw-p 00000000 00:00 0 
7f0eb1ee5000-7f0eb1ee6000 ---p 00000000 00:00 0 
7f0eb1ee6000-7f0eb1ee9000 ---p 00000000 00:00 0 
7f0eb1ee9000-7f0eb1fe6000 rw-p 00000000 00:00 0 
7f0eb1fe6000-7f0eb1fe9000 ---p 00000000 00:00 0 
7f0eb1fe9000-7f0eb20e7000 rw-p 00000000 00:00 0 
7f0eb20e7000-7f0eb20ea000 ---p 00000000 00:00 0 
7f0eb20ea000-7f0eb21e8000 rw-p 00000000 00:00 0 
7f0eb21e8000-7f0eb21eb000 ---p 00000000 00:00 0 
7f0eb21eb000-7f0eb22e9000 rw-p 00000000 00:00 0 
7f0eb22e9000-7f0eb22ed000 r-xp 00000000 08:03 963011                     /home/jackarian/jdkLatest/jre/lib/amd64/libdt_socket.so
7f0eb22ed000-7f0eb24ec000 ---p 00004000 08:03 963011                     /home/jackarian/jdkLatest/jre/lib/amd64/libdt_socket.so
7f0eb24ec000-7f0eb24ed000 rw-p 00003000 08:03 963011                     /home/jackarian/jdkLatest/jre/lib/amd64/libdt_socket.so
7f0eb24ed000-7f0eb24f0000 ---p 00000000 00:00 0 
7f0eb24f0000-7f0eb25ee000 rw-p 00000000 00:00 0 
7f0eb25ee000-7f0eb25f1000 ---p 00000000 00:00 0 
7f0eb25f1000-7f0eb26ef000 rw-p 00000000 00:00 0 
7f0eb26ef000-7f0eb26f2000 ---p 00000000 00:00 0 
7f0eb26f2000-7f0eb27f0000 rw-p 00000000 00:00 0 
7f0eb27f0000-7f0eb27f1000 ---p 00000000 00:00 0 
7f0eb27f1000-7f0eb38bc000 rw-p 00000000 00:00 0 
7f0eb38bc000-7f0eb3bfc000 ---p 00000000 00:00 0 
7f0eb3bfc000-7f0ebc000000 rw-p 00000000 00:00 0 
7f0ebc000000-7f0ebc021000 rw-p 00000000 00:00 0 
7f0ebc021000-7f0ec0000000 ---p 00000000 00:00 0 
7f0ec0018000-7f0ec002b000 r--s 00345000 08:03 962870                     /home/jackarian/jdkLatest/jre/lib/resources.jar
7f0ec002b000-7f0ec047e000 rw-p 00000000 00:00 0 
7f0ec047e000-7f0ec0658000 r--s 03d6b000 08:03 962832                     /home/jackarian/jdkLatest/jre/lib/rt.jar
7f0ec0658000-7f0ec06ce000 rw-p 00000000 00:00 0 
7f0ec06ce000-7f0ec06cf000 ---p 00000000 00:00 0 
7f0ec06cf000-7f0ec07cf000 rw-p 00000000 00:00 0 
7f0ec07cf000-7f0ec07d0000 ---p 00000000 00:00 0 
7f0ec07d0000-7f0ec08d0000 rw-p 00000000 00:00 0 
7f0ec08d0000-7f0ec08d1000 ---p 00000000 00:00 0 
7f0ec08d1000-7f0ec09d1000 rw-p 00000000 00:00 0 
7f0ec09d1000-7f0ec09d2000 ---p 00000000 00:00 0 
7f0ec09d2000-7f0ec0b26000 rw-p 00000000 00:00 0 
7f0ec0b26000-7f0ec1000000 ---p 00000000 00:00 0 
7f0ec1000000-7f0ec1270000 rwxp 00000000 00:00 0 
7f0ec1270000-7f0ed0000000 ---p 00000000 00:00 0 
7f0ed0000000-7f0ed05c8000 rw-p 00000000 00:00 0 
7f0ed05c8000-7f0ed4000000 ---p 00000000 00:00 0 
7f0ed4006000-7f0ed4103000 rw-p 00000000 00:00 0 
7f0ed4103000-7f0ed45dc000 ---p 00000000 00:00 0 
7f0ed45dc000-7f0ed4606000 rw-p 00000000 00:00 0 
7f0ed4606000-7f0ed4873000 ---p 00000000 00:00 0 
7f0ed4873000-7f0ed487e000 rw-p 00000000 00:00 0 
7f0ed487e000-7f0ed4c34000 ---p 00000000 00:00 0 
7f0ed4c34000-7f0ed4c4f000 r-xp 00000000 08:03 963044                     /home/jackarian/jdkLatest/jre/lib/amd64/libzip.so
7f0ed4c4f000-7f0ed4e4f000 ---p 0001b000 08:03 963044                     /home/jackarian/jdkLatest/jre/lib/amd64/libzip.so
7f0ed4e4f000-7f0ed4e50000 rw-p 0001b000 08:03 963044                     /home/jackarian/jdkLatest/jre/lib/amd64/libzip.so
7f0ed4e50000-7f0ed4e53000 r--p 00000000 08:02 1062397                    /lib/x86_64-linux-gnu/libnss_files-2.31.so
7f0ed4e53000-7f0ed4e5a000 r-xp 00003000 08:02 1062397                    /lib/x86_64-linux-gnu/libnss_files-2.31.so
7f0ed4e5a000-7f0ed4e5c000 r--p 0000a000 08:02 1062397                    /lib/x86_64-linux-gnu/libnss_files-2.31.so
7f0ed4e5c000-7f0ed4e5d000 r--p 0000b000 08:02 1062397                    /lib/x86_64-linux-gnu/libnss_files-2.31.so
7f0ed4e5d000-7f0ed4e5e000 rw-p 0000c000 08:02 1062397                    /lib/x86_64-linux-gnu/libnss_files-2.31.so
7f0ed4e5e000-7f0ed4e64000 rw-p 00000000 00:00 0 
7f0ed4e64000-7f0ed4e69000 r--p 00000000 08:02 1062394                    /lib/x86_64-linux-gnu/libnsl-2.31.so
7f0ed4e69000-7f0ed4e79000 r-xp 00005000 08:02 1062394                    /lib/x86_64-linux-gnu/libnsl-2.31.so
7f0ed4e79000-7f0ed4e7d000 r--p 00015000 08:02 1062394                    /lib/x86_64-linux-gnu/libnsl-2.31.so
7f0ed4e7d000-7f0ed4e7e000 r--p 00018000 08:02 1062394                    /lib/x86_64-linux-gnu/libnsl-2.31.so
7f0ed4e7e000-7f0ed4e7f000 rw-p 00019000 08:02 1062394                    /lib/x86_64-linux-gnu/libnsl-2.31.so
7f0ed4e7f000-7f0ed4e81000 rw-p 00000000 00:00 0 
7f0ed4e92000-7f0ed4e95000 r--s 0001a000 08:03 963064                     /home/jackarian/jdkLatest/jre/lib/jce.jar
7f0ed4e95000-7f0ed4e9a000 r--s 0009d000 08:03 962889                     /home/jackarian/jdkLatest/jre/lib/jsse.jar
7f0ed4e9a000-7f0ed4ea2000 rw-s 00000000 08:02 3428614                    /tmp/hsperfdata_jackarian/466502
7f0ed4ea2000-7f0ed4eac000 r-xp 00000000 08:03 963053                     /home/jackarian/jdkLatest/jre/lib/amd64/libinstrument.so
7f0ed4eac000-7f0ed50ab000 ---p 0000a000 08:03 963053                     /home/jackarian/jdkLatest/jre/lib/amd64/libinstrument.so
7f0ed50ab000-7f0ed50ac000 rw-p 00009000 08:03 963053                     /home/jackarian/jdkLatest/jre/lib/amd64/libinstrument.so
7f0ed50ac000-7f0ed561d000 r--p 00000000 08:02 1708782                    /usr/lib/locale/locale-archive
7f0ed561d000-7f0ed561f000 r-xp 00000000 08:03 963013                     /home/jackarian/jdkLatest/jre/lib/amd64/libnpt.so
7f0ed561f000-7f0ed581f000 ---p 00002000 08:03 963013                     /home/jackarian/jdkLatest/jre/lib/amd64/libnpt.so
7f0ed581f000-7f0ed5820000 rw-p 00002000 08:03 963013                     /home/jackarian/jdkLatest/jre/lib/amd64/libnpt.so
7f0ed5820000-7f0ed585a000 r-xp 00000000 08:03 963031                     /home/jackarian/jdkLatest/jre/lib/amd64/libjdwp.so
7f0ed585a000-7f0ed5a59000 ---p 0003a000 08:03 963031                     /home/jackarian/jdkLatest/jre/lib/amd64/libjdwp.so
7f0ed5a59000-7f0ed5a5a000 rw-p 00039000 08:03 963031                     /home/jackarian/jdkLatest/jre/lib/amd64/libjdwp.so
7f0ed5a5a000-7f0ed5a5b000 rw-p 00000000 00:00 0 
7f0ed5a5b000-7f0ed5a86000 r-xp 00000000 08:03 963038                     /home/jackarian/jdkLatest/jre/lib/amd64/libjava.so
7f0ed5a86000-7f0ed5c85000 ---p 0002b000 08:03 963038                     /home/jackarian/jdkLatest/jre/lib/amd64/libjava.so
7f0ed5c85000-7f0ed5c87000 rw-p 0002a000 08:03 963038                     /home/jackarian/jdkLatest/jre/lib/amd64/libjava.so
7f0ed5c87000-7f0ed5c94000 r-xp 00000000 08:03 963043                     /home/jackarian/jdkLatest/jre/lib/amd64/libverify.so
7f0ed5c94000-7f0ed5e94000 ---p 0000d000 08:03 963043                     /home/jackarian/jdkLatest/jre/lib/amd64/libverify.so
7f0ed5e94000-7f0ed5e96000 rw-p 0000d000 08:03 963043                     /home/jackarian/jdkLatest/jre/lib/amd64/libverify.so
7f0ed5e96000-7f0ed5e99000 r--p 00000000 08:02 1062404                    /lib/x86_64-linux-gnu/librt-2.31.so
7f0ed5e99000-7f0ed5e9d000 r-xp 00003000 08:02 1062404                    /lib/x86_64-linux-gnu/librt-2.31.so
7f0ed5e9d000-7f0ed5e9e000 r--p 00007000 08:02 1062404                    /lib/x86_64-linux-gnu/librt-2.31.so
7f0ed5e9e000-7f0ed5e9f000 ---p 00008000 08:02 1062404                    /lib/x86_64-linux-gnu/librt-2.31.so
7f0ed5e9f000-7f0ed5ea0000 r--p 00008000 08:02 1062404                    /lib/x86_64-linux-gnu/librt-2.31.so
7f0ed5ea0000-7f0ed5ea1000 rw-p 00009000 08:02 1062404                    /lib/x86_64-linux-gnu/librt-2.31.so
7f0ed5ea1000-7f0ed5ea2000 ---p 00000000 00:00 0 
7f0ed5ea2000-7f0ed5ea5000 ---p 00000000 00:00 0 
7f0ed5ea5000-7f0ed5fa2000 rw-p 00000000 00:00 0 
7f0ed5fa2000-7f0ed5fb1000 r--p 00000000 08:02 1062391                    /lib/x86_64-linux-gnu/libm-2.31.so
7f0ed5fb1000-7f0ed6058000 r-xp 0000f000 08:02 1062391                    /lib/x86_64-linux-gnu/libm-2.31.so
7f0ed6058000-7f0ed60ef000 r--p 000b6000 08:02 1062391                    /lib/x86_64-linux-gnu/libm-2.31.so
7f0ed60ef000-7f0ed60f0000 r--p 0014c000 08:02 1062391                    /lib/x86_64-linux-gnu/libm-2.31.so
7f0ed60f0000-7f0ed60f1000 rw-p 0014d000 08:02 1062391                    /lib/x86_64-linux-gnu/libm-2.31.so
7f0ed60f1000-7f0ed6dcd000 r-xp 00000000 08:03 963020                     /home/jackarian/jdkLatest/jre/lib/amd64/server/libjvm.so
7f0ed6dcd000-7f0ed6fcd000 ---p 00cdc000 08:03 963020                     /home/jackarian/jdkLatest/jre/lib/amd64/server/libjvm.so
7f0ed6fcd000-7f0ed70a7000 rw-p 00cdc000 08:03 963020                     /home/jackarian/jdkLatest/jre/lib/amd64/server/libjvm.so
7f0ed70a7000-7f0ed70f4000 rw-p 00000000 00:00 0 
7f0ed70f4000-7f0ed7119000 r--p 00000000 08:02 1062389                    /lib/x86_64-linux-gnu/libc-2.31.so
7f0ed7119000-7f0ed7291000 r-xp 00025000 08:02 1062389                    /lib/x86_64-linux-gnu/libc-2.31.so
7f0ed7291000-7f0ed72db000 r--p 0019d000 08:02 1062389                    /lib/x86_64-linux-gnu/libc-2.31.so
7f0ed72db000-7f0ed72dc000 ---p 001e7000 08:02 1062389                    /lib/x86_64-linux-gnu/libc-2.31.so
7f0ed72dc000-7f0ed72df000 r--p 001e7000 08:02 1062389                    /lib/x86_64-linux-gnu/libc-2.31.so
7f0ed72df000-7f0ed72e2000 rw-p 001ea000 08:02 1062389                    /lib/x86_64-linux-gnu/libc-2.31.so
7f0ed72e2000-7f0ed72e6000 rw-p 00000000 00:00 0 
7f0ed72e6000-7f0ed72e7000 r--p 00000000 08:02 1062390                    /lib/x86_64-linux-gnu/libdl-2.31.so
7f0ed72e7000-7f0ed72e9000 r-xp 00001000 08:02 1062390                    /lib/x86_64-linux-gnu/libdl-2.31.so
7f0ed72e9000-7f0ed72ea000 r--p 00003000 08:02 1062390                    /lib/x86_64-linux-gnu/libdl-2.31.so
7f0ed72ea000-7f0ed72eb000 r--p 00003000 08:02 1062390                    /lib/x86_64-linux-gnu/libdl-2.31.so
7f0ed72eb000-7f0ed72ec000 rw-p 00004000 08:02 1062390                    /lib/x86_64-linux-gnu/libdl-2.31.so
7f0ed72ec000-7f0ed7302000 r-xp 00000000 08:03 831851                     /home/jackarian/jdkLatest/lib/amd64/jli/libjli.so
7f0ed7302000-7f0ed7501000 ---p 00016000 08:03 831851                     /home/jackarian/jdkLatest/lib/amd64/jli/libjli.so
7f0ed7501000-7f0ed7502000 rw-p 00015000 08:03 831851                     /home/jackarian/jdkLatest/lib/amd64/jli/libjli.so
7f0ed7502000-7f0ed7509000 r--p 00000000 08:02 1062402                    /lib/x86_64-linux-gnu/libpthread-2.31.so
7f0ed7509000-7f0ed751a000 r-xp 00007000 08:02 1062402                    /lib/x86_64-linux-gnu/libpthread-2.31.so
7f0ed751a000-7f0ed751f000 r--p 00018000 08:02 1062402                    /lib/x86_64-linux-gnu/libpthread-2.31.so
7f0ed751f000-7f0ed7520000 r--p 0001c000 08:02 1062402                    /lib/x86_64-linux-gnu/libpthread-2.31.so
7f0ed7520000-7f0ed7521000 rw-p 0001d000 08:02 1062402                    /lib/x86_64-linux-gnu/libpthread-2.31.so
7f0ed7521000-7f0ed7527000 rw-p 00000000 00:00 0 
7f0ed7527000-7f0ed752a000 r--s 00021000 08:03 446265                     /home/jackarian/eclipse/jee-2020-09/eclipse/configuration/org.eclipse.osgi/2117/0/.cp/lib/javaagent-shaded.jar
7f0ed752a000-7f0ed752b000 r--s 00006000 08:03 132930                     /home/jackarian/Desktop/comm-2.0.jar
7f0ed752b000-7f0ed752c000 r--s 0002e000 08:03 788700                     /home/jackarian/Documents/JavaLib/jssc-2.6.0-streams.jar
7f0ed752c000-7f0ed752f000 r--p 00000000 08:02 1062399                    /lib/x86_64-linux-gnu/libnss_nis-2.31.so
7f0ed752f000-7f0ed7537000 r-xp 00003000 08:02 1062399                    /lib/x86_64-linux-gnu/libnss_nis-2.31.so
7f0ed7537000-7f0ed7539000 r--p 0000b000 08:02 1062399                    /lib/x86_64-linux-gnu/libnss_nis-2.31.so
7f0ed7539000-7f0ed753a000 r--p 0000c000 08:02 1062399                    /lib/x86_64-linux-gnu/libnss_nis-2.31.so
7f0ed753a000-7f0ed753b000 rw-p 0000d000 08:02 1062399                    /lib/x86_64-linux-gnu/libnss_nis-2.31.so
7f0ed753b000-7f0ed753d000 r--p 00000000 08:02 1062395                    /lib/x86_64-linux-gnu/libnss_compat-2.31.so
7f0ed753d000-7f0ed7544000 r-xp 00002000 08:02 1062395                    /lib/x86_64-linux-gnu/libnss_compat-2.31.so
7f0ed7544000-7f0ed7545000 r--p 00009000 08:02 1062395                    /lib/x86_64-linux-gnu/libnss_compat-2.31.so
7f0ed7545000-7f0ed7546000 r--p 00009000 08:02 1062395                    /lib/x86_64-linux-gnu/libnss_compat-2.31.so
7f0ed7546000-7f0ed7547000 rw-p 0000a000 08:02 1062395                    /lib/x86_64-linux-gnu/libnss_compat-2.31.so
7f0ed7547000-7f0ed7548000 rw-p 00000000 00:00 0 
7f0ed7548000-7f0ed7549000 r--p 00000000 08:02 1048691                    /lib/x86_64-linux-gnu/ld-2.31.so
7f0ed7549000-7f0ed756c000 r-xp 00001000 08:02 1048691                    /lib/x86_64-linux-gnu/ld-2.31.so
7f0ed756c000-7f0ed7574000 r--p 00024000 08:02 1048691                    /lib/x86_64-linux-gnu/ld-2.31.so
7f0ed7574000-7f0ed7575000 r--p 00000000 00:00 0 
7f0ed7575000-7f0ed7576000 r--p 0002c000 08:02 1048691                    /lib/x86_64-linux-gnu/ld-2.31.so
7f0ed7576000-7f0ed7577000 rw-p 0002d000 08:02 1048691                    /lib/x86_64-linux-gnu/ld-2.31.so
7f0ed7577000-7f0ed7578000 rw-p 00000000 00:00 0 
7ffdb8c8f000-7ffdb8cb0000 rw-p 00000000 00:00 0                          [stack]
7ffdb8d80000-7ffdb8d83000 r--p 00000000 00:00 0                          [vvar]
7ffdb8d83000-7ffdb8d84000 r-xp 00000000 00:00 0                          [vdso]
ffffffffff600000-ffffffffff601000 --xp 00000000 00:00 0                  [vsyscall]

VM Arguments:
jvm_args: -agentlib:jdwp=transport=dt_socket,suspend=y,address=localhost:34001 -Dchargify.domain=multitool-network -Dchargify.apikey=VVCMxzjpt4itardVe9DgXl0D4q6UgHpg58hbb1J5L2w -javaagent:/home/jackarian/eclipse/jee-2020-09/eclipse/configuration/org.eclipse.osgi/2117/0/.cp/lib/javaagent-shaded.jar -Dfile.encoding=UTF-8 
java_command: net.wimpi.modbus.cmd.SerialFacadeTest /dev/ttyUSB0 1
java_class_path (initial): /home/jackarian/git/jamod/bin:/home/jackarian/Documents/JavaLib/jssc-2.6.0-streams.jar:/home/jackarian/Desktop/comm-2.0.jar:/home/jackarian/eclipse/jee-2020-09/eclipse/configuration/org.eclipse.osgi/2117/0/.cp/lib/javaagent-shaded.jar
Launcher Type: SUN_STANDARD

Environment Variables:
PATH=/home/jackarian/.local/bin:/usr/local/sbin:/usr/local/bin:/usr/sbin:/usr/bin:/sbin:/bin:/usr/games:/usr/local/games:/snap/bin
USERNAME=jackarian
SHELL=/bin/bash
DISPLAY=:0

Signal Handlers:
SIGSEGV: [libjvm.so+0xad2a40], sa_mask[0]=11111111011111111101111111111110, sa_flags=SA_RESTART|SA_SIGINFO
SIGBUS: [libjvm.so+0xad2a40], sa_mask[0]=11111111011111111101111111111110, sa_flags=SA_RESTART|SA_SIGINFO
SIGFPE: [libjvm.so+0x92a610], sa_mask[0]=11111111011111111101111111111110, sa_flags=SA_RESTART|SA_SIGINFO
SIGPIPE: [libjvm.so+0x92a610], sa_mask[0]=11111111011111111101111111111110, sa_flags=SA_RESTART|SA_SIGINFO
SIGXFSZ: [libjvm.so+0x92a610], sa_mask[0]=11111111011111111101111111111110, sa_flags=SA_RESTART|SA_SIGINFO
SIGILL: [libjvm.so+0x92a610], sa_mask[0]=11111111011111111101111111111110, sa_flags=SA_RESTART|SA_SIGINFO
SIGUSR1: SIG_DFL, sa_mask[0]=00000000000000000000000000000000, sa_flags=none
SIGUSR2: [libjvm.so+0x92be70], sa_mask[0]=00100000000000000000000000000000, sa_flags=SA_RESTART|SA_SIGINFO
SIGHUP: [libjvm.so+0x92d270], sa_mask[0]=11111111011111111101111111111110, sa_flags=SA_RESTART|SA_SIGINFO
SIGINT: [libjvm.so+0x92d270], sa_mask[0]=11111111011111111101111111111110, sa_flags=SA_RESTART|SA_SIGINFO
SIGTERM: [libjvm.so+0x92d270], sa_mask[0]=11111111011111111101111111111110, sa_flags=SA_RESTART|SA_SIGINFO
SIGQUIT: [libjvm.so+0x92d270], sa_mask[0]=11111111011111111101111111111110, sa_flags=SA_RESTART|SA_SIGINFO


---------------  S Y S T E M  ---------------

OS:DISTRIB_ID=Ubuntu
DISTRIB_RELEASE=20.04
DISTRIB_CODENAME=focal
DISTRIB_DESCRIPTION="Ubuntu 20.04.2 LTS"

uname:Linux 5.4.0-77-generic #86-Ubuntu SMP Thu Jun 17 02:35:03 UTC 2021 x86_64
libc:glibc 2.31 NPTL 2.31 
rlimit: STACK 8192k, CORE 0k, NPROC 63383, NOFILE 1048576, AS infinity
load average:3,53 3,15 3,01

/proc/meminfo:
MemTotal:       16284952 kB
MemFree:          457516 kB
MemAvailable:    6599108 kB
Buffers:         2263112 kB
Cached:          4609916 kB
SwapCached:          544 kB
Active:         11455732 kB
Inactive:        3003152 kB
Active(anon):    7637912 kB
Inactive(anon):  1179824 kB
Active(file):    3817820 kB
Inactive(file):  1823328 kB
Unevictable:      165592 kB
Mlocked:             144 kB
SwapTotal:       2097148 kB
SwapFree:        2077692 kB
Dirty:              3212 kB
Writeback:             0 kB
AnonPages:       7751592 kB
Mapped:          1324156 kB
Shmem:           1234708 kB
KReclaimable:     838572 kB
Slab:            1030076 kB
SReclaimable:     838572 kB
SUnreclaim:       191504 kB
KernelStack:       20336 kB
PageTables:        56976 kB
NFS_Unstable:          0 kB
Bounce:                0 kB
WritebackTmp:          0 kB
CommitLimit:    10239624 kB
Committed_AS:   18574424 kB
VmallocTotal:   34359738367 kB
VmallocUsed:       43008 kB
VmallocChunk:          0 kB
Percpu:            22784 kB
HardwareCorrupted:     0 kB
AnonHugePages:      4096 kB
ShmemHugePages:        0 kB
ShmemPmdMapped:        0 kB
FileHugePages:         0 kB
FilePmdMapped:         0 kB
CmaTotal:              0 kB
CmaFree:               0 kB
HugePages_Total:       0
HugePages_Free:        0
HugePages_Rsvd:        0
HugePages_Surp:        0
Hugepagesize:       2048 kB
Hugetlb:               0 kB
DirectMap4k:      583272 kB
DirectMap2M:    16082944 kB
DirectMap1G:     1048576 kB


CPU:total 4 (initial active 4) (2 cores per cpu, 2 threads per core) family 6 model 142 stepping 9, cmov, cx8, fxsr, mmx, sse, sse2, sse3, ssse3, sse4.1, sse4.2, popcnt, avx, avx2, aes, clmul, erms, 3dnowpref, lzcnt, ht, tsc, tscinvbit, bmi1, bmi2, adx

/proc/cpuinfo:
processor	: 0
vendor_id	: GenuineIntel
cpu family	: 6
model		: 142
model name	: Intel(R) Core(TM) i7-7500U CPU @ 2.70GHz
stepping	: 9
microcode	: 0xea
cpu MHz		: 3200.007
cache size	: 4096 KB
physical id	: 0
siblings	: 4
core id		: 0
cpu cores	: 2
apicid		: 0
initial apicid	: 0
fpu		: yes
fpu_exception	: yes
cpuid level	: 22
wp		: yes
flags		: fpu vme de pse tsc msr pae mce cx8 apic sep mtrr pge mca cmov pat pse36 clflush dts acpi mmx fxsr sse sse2 ss ht tm pbe syscall nx pdpe1gb rdtscp lm constant_tsc art arch_perfmon pebs bts rep_good nopl xtopology nonstop_tsc cpuid aperfmperf pni pclmulqdq dtes64 monitor ds_cpl vmx est tm2 ssse3 sdbg fma cx16 xtpr pdcm pcid sse4_1 sse4_2 x2apic movbe popcnt tsc_deadline_timer aes xsave avx f16c rdrand lahf_lm abm 3dnowprefetch cpuid_fault epb invpcid_single pti ssbd ibrs ibpb stibp tpr_shadow vnmi flexpriority ept vpid ept_ad fsgsbase tsc_adjust bmi1 avx2 smep bmi2 erms invpcid mpx rdseed adx smap clflushopt intel_pt xsaveopt xsavec xgetbv1 xsaves dtherm ida arat pln pts hwp hwp_notify hwp_act_window hwp_epp md_clear flush_l1d
bugs		: cpu_meltdown spectre_v1 spectre_v2 spec_store_bypass l1tf mds swapgs itlb_multihit srbds
bogomips	: 5799.77
clflush size	: 64
cache_alignment	: 64
address sizes	: 39 bits physical, 48 bits virtual
power management:

processor	: 1
vendor_id	: GenuineIntel
cpu family	: 6
model		: 142
model name	: Intel(R) Core(TM) i7-7500U CPU @ 2.70GHz
stepping	: 9
microcode	: 0xea
cpu MHz		: 3199.951
cache size	: 4096 KB
physical id	: 0
siblings	: 4
core id		: 1
cpu cores	: 2
apicid		: 2
initial apicid	: 2
fpu		: yes
fpu_exception	: yes
cpuid level	: 22
wp		: yes
flags		: fpu vme de pse tsc msr pae mce cx8 apic sep mtrr pge mca cmov pat pse36 clflush dts acpi mmx fxsr sse sse2 ss ht tm pbe syscall nx pdpe1gb rdtscp lm constant_tsc art arch_perfmon pebs bts rep_good nopl xtopology nonstop_tsc cpuid aperfmperf pni pclmulqdq dtes64 monitor ds_cpl vmx est tm2 ssse3 sdbg fma cx16 xtpr pdcm pcid sse4_1 sse4_2 x2apic movbe popcnt tsc_deadline_timer aes xsave avx f16c rdrand lahf_lm abm 3dnowprefetch cpuid_fault epb invpcid_single pti ssbd ibrs ibpb stibp tpr_shadow vnmi flexpriority ept vpid ept_ad fsgsbase tsc_adjust bmi1 avx2 smep bmi2 erms invpcid mpx rdseed adx smap clflushopt intel_pt xsaveopt xsavec xgetbv1 xsaves dtherm ida arat pln pts hwp hwp_notify hwp_act_window hwp_epp md_clear flush_l1d
bugs		: cpu_meltdown spectre_v1 spectre_v2 spec_store_bypass l1tf mds swapgs itlb_multihit srbds
bogomips	: 5799.77
clflush size	: 64
cache_alignment	: 64
address sizes	: 39 bits physical, 48 bits virtual
power management:

processor	: 2
vendor_id	: GenuineIntel
cpu family	: 6
model		: 142
model name	: Intel(R) Core(TM) i7-7500U CPU @ 2.70GHz
stepping	: 9
microcode	: 0xea
cpu MHz		: 3200.003
cache size	: 4096 KB
physical id	: 0
siblings	: 4
core id		: 0
cpu cores	: 2
apicid		: 1
initial apicid	: 1
fpu		: yes
fpu_exception	: yes
cpuid level	: 22
wp		: yes
flags		: fpu vme de pse tsc msr pae mce cx8 apic sep mtrr pge mca cmov pat pse36 clflush dts acpi mmx fxsr sse sse2 ss ht tm pbe syscall nx pdpe1gb rdtscp lm constant_tsc art arch_perfmon pebs bts rep_good nopl xtopology nonstop_tsc cpuid aperfmperf pni pclmulqdq dtes64 monitor ds_cpl vmx est tm2 ssse3 sdbg fma cx16 xtpr pdcm pcid sse4_1 sse4_2 x2apic movbe popcnt tsc_deadline_timer aes xsave avx f16c rdrand lahf_lm abm 3dnowprefetch cpuid_fault epb invpcid_single pti ssbd ibrs ibpb stibp tpr_shadow vnmi flexpriority ept vpid ept_ad fsgsbase tsc_adjust bmi1 avx2 smep bmi2 erms invpcid mpx rdseed adx smap clflushopt intel_pt xsaveopt xsavec xgetbv1 xsaves dtherm ida arat pln pts hwp hwp_notify hwp_act_window hwp_epp md_clear flush_l1d
bugs		: cpu_meltdown spectre_v1 spectre_v2 spec_store_bypass l1tf mds swapgs itlb_multihit srbds
bogomips	: 5799.77
clflush size	: 64
cache_alignment	: 64
address sizes	: 39 bits physical, 48 bits virtual
power management:

processor	: 3
vendor_id	: GenuineIntel
cpu family	: 6
model		: 142
model name	: Intel(R) Core(TM) i7-7500U CPU @ 2.70GHz
stepping	: 9
microcode	: 0xea
cpu MHz		: 3199.976
cache size	: 4096 KB
physical id	: 0
siblings	: 4
core id		: 1
cpu cores	: 2
apicid		: 3
initial apicid	: 3
fpu		: yes
fpu_exception	: yes
cpuid level	: 22
wp		: yes
flags		: fpu vme de pse tsc msr pae mce cx8 apic sep mtrr pge mca cmov pat pse36 clflush dts acpi mmx fxsr sse sse2 ss ht tm pbe syscall nx pdpe1gb rdtscp lm constant_tsc art arch_perfmon pebs bts rep_good nopl xtopology nonstop_tsc cpuid aperfmperf pni pclmulqdq dtes64 monitor ds_cpl vmx est tm2 ssse3 sdbg fma cx16 xtpr pdcm pcid sse4_1 sse4_2 x2apic movbe popcnt tsc_deadline_timer aes xsave avx f16c rdrand lahf_lm abm 3dnowprefetch cpuid_fault epb invpcid_single pti ssbd ibrs ibpb stibp tpr_shadow vnmi flexpriority ept vpid ept_ad fsgsbase tsc_adjust bmi1 avx2 smep bmi2 erms invpcid mpx rdseed adx smap clflushopt intel_pt xsaveopt xsavec xgetbv1 xsaves dtherm ida arat pln pts hwp hwp_notify hwp_act_window hwp_epp md_clear flush_l1d
bugs		: cpu_meltdown spectre_v1 spectre_v2 spec_store_bypass l1tf mds swapgs itlb_multihit srbds
bogomips	: 5799.77
clflush size	: 64
cache_alignment	: 64
address sizes	: 39 bits physical, 48 bits virtual
power management:



Memory: 4k page, physical 16284952k(457272k free), swap 2097148k(2077692k free)

vm_info: Java HotSpot(TM) 64-Bit Server VM (25.181-b13) for linux-amd64 JRE (1.8.0_181-b13), built on Jul  7 2018 00:56:38 by "java_re" with gcc 4.3.0 20080428 (Red Hat 4.3.0-8)

time: Sun Jul 18 06:47:15 2021
elapsed time: 75 seconds (0d 0h 1m 15s)

